\BOOKMARK [1][-]{section.1}{\376\377\000I\000n\000t\000r\000o\000d\000u\000c\000t\000i\000o\000n}{}% 1
\BOOKMARK [1][-]{section.2}{\376\377\000W\000h\000a\000t\000\040\000a\000r\000e\000\040\000t\000r\000a\000n\000s\000i\000t\000s\000?}{}% 2
\BOOKMARK [1][-]{section.3}{\376\377\000O\000n\000\040\000t\000h\000e\000\040\000U\000\040\000C\000e\000p\000h\000e\000i\000\040\000s\000y\000s\000t\000e\000m}{}% 3
\BOOKMARK [2][-]{subsection.3.1}{\376\377\000W\000h\000y\000\040\000U\000\040\000C\000e\000p\000h\000e\000i\000?}{section.3}% 4
\BOOKMARK [3][-]{subsubsection.3.1.1}{\376\377\000P\000e\000r\000i\000o\000d}{subsection.3.1}% 5
\BOOKMARK [3][-]{subsubsection.3.1.2}{\376\377\000E\000c\000l\000i\000p\000s\000e\000\040\000d\000u\000r\000a\000t\000i\000o\000n}{subsection.3.1}% 6
\BOOKMARK [3][-]{subsubsection.3.1.3}{\376\377\000M\000a\000g\000n\000i\000t\000u\000d\000e\000\040\000v\000a\000r\000i\000a\000t\000i\000o\000n}{subsection.3.1}% 7
\BOOKMARK [3][-]{subsubsection.3.1.4}{\376\377\000D\000a\000t\000a\000\040\000a\000v\000a\000i\000l\000a\000b\000i\000l\000i\000t\000y}{subsection.3.1}% 8
\BOOKMARK [1][-]{section.4}{\376\377\000M\000e\000t\000h\000o\000d\000o\000l\000o\000g\000y}{}% 9
\BOOKMARK [2][-]{subsection.4.1}{\376\377\000O\000b\000s\000e\000r\000v\000a\000t\000i\000o\000n\000\040\000S\000e\000t\000u\000p}{section.4}% 10
\BOOKMARK [2][-]{subsection.4.2}{\376\377\000O\000b\000s\000e\000r\000v\000a\000t\000i\000o\000n\000\040\000P\000r\000o\000c\000e\000d\000u\000r\000e}{section.4}% 11
\BOOKMARK [2][-]{subsection.4.3}{\376\377\000C\000l\000e\000a\000n\000i\000n\000g\000\040\000t\000h\000e\000\040\000a\000m\000a\000t\000e\000u\000r\000\040\000d\000a\000t\000a}{section.4}% 12
\BOOKMARK [2][-]{subsection.4.4}{\376\377\000P\000r\000o\000f\000e\000s\000s\000i\000o\000n\000a\000l\000\040\000D\000a\000t\000a\000\040\000A\000c\000q\000u\000i\000s\000i\000t\000i\000o\000n}{section.4}% 13
\BOOKMARK [2][-]{subsection.4.5}{\376\377\000S\000t\000a\000n\000d\000a\000r\000d\000i\000z\000a\000t\000i\000o\000n\000\040\000o\000f\000\040\000D\000a\000t\000a\000\040\000F\000o\000r\000m\000a\000t\000s\000,\000\040\000l\000i\000g\000h\000t\000\040\000c\000u\000r\000v\000e\000s\000\040\000a\000n\000d\000\040\000c\000o\000m\000p\000a\000r\000a\000t\000i\000v\000e\000\040\000a\000n\000a\000l\000y\000s\000i\000s}{section.4}% 14
\BOOKMARK [1][-]{section.5}{\376\377\000R\000e\000s\000u\000l\000t\000s}{}% 15
\BOOKMARK [2][-]{subsection.5.1}{\376\377\000L\000i\000g\000h\000t\000\040\000c\000u\000r\000v\000e}{section.5}% 16
\BOOKMARK [2][-]{subsection.5.2}{\376\377\000C\000o\000m\000p\000a\000r\000a\000t\000i\000v\000e\000\040\000A\000n\000a\000l\000y\000s\000i\000s}{section.5}% 17
\BOOKMARK [1][-]{section.6}{\376\377\000D\000i\000s\000c\000u\000s\000s\000i\000o\000n}{}% 18
\BOOKMARK [2][-]{subsection.6.1}{\376\377\000I\000n\000t\000e\000r\000p\000r\000e\000t\000a\000t\000i\000o\000n\000\040\000o\000f\000\040\000t\000h\000e\000\040\000U\000\040\000C\000e\000p\000h\000e\000i\000\040\000L\000i\000g\000h\000t\000\040\000C\000u\000r\000v\000e}{section.6}% 19
\BOOKMARK [2][-]{subsection.6.2}{\376\377\000C\000o\000m\000p\000a\000r\000a\000t\000i\000v\000e\000\040\000A\000n\000a\000l\000y\000s\000i\000s\000\040\000o\000f\000\040\000a\000m\000a\000t\000e\000u\000r\000\040\000a\000n\000d\000\040\000p\000r\000o\000f\000e\000s\000s\000i\000o\000n\000a\000l\000\040\000d\000a\000t\000a}{section.6}% 20
\BOOKMARK [3][-]{subsubsection.6.2.1}{\376\377\000C\000o\000m\000p\000a\000r\000a\000t\000i\000v\000e\000\040\000A\000n\000a\000l\000y\000s\000i\000s\000\040\000w\000i\000t\000h\000\040\000m\000a\000g\000n\000i\000t\000u\000d\000e\000\040\000s\000h\000i\000f\000t}{subsection.6.2}% 21
\BOOKMARK [1][-]{section.7}{\376\377\000C\000o\000n\000c\000l\000u\000s\000i\000o\000n}{}% 22
